-0.421131   -0.440431   -0.268533
-0.233726   -0.108208   -0.183192
-0.308982   0.312113   0.132016
0.0979187   -0.170712   -0.259015
-0.273335   0.293799   0.402066
0.124641   -0.137764   0.186467
0.122625   -0.0576982   0.0301789
0.0461463   0.432913   -0.177068
0.389992   -0.372098   0.104492
-0.159897   0.211495   -0.0253159
0.372451   -0.069903   -0.138683
-0.33661   0.106027   0.111206
-0.424148   -0.283926   0.300559
-0.155514   0.311512   -0.154521
0.179678   -0.109757   -0.274147
-0.0176143   -0.22955   0.320256
-0.162657   -0.227335   0.287381
-0.467328   0.332469   0.0428944
-0.134521   0.167843   0.380209
0.0996951   -0.404095   0.331626
0.026431   -0.216399   0.406175
0.399763   0.490628   -0.291712
-0.169431   0.299539   0.335023
0.291531   0.247367   0.418283
-0.148571   0.475921   0.2486
-0.324564   0.113575   0.201927
-0.229885   0.414223   -0.0974186
-0.203773   0.21264   0.414234
-0.252079   -0.382917   -0.142224
-0.17299   0.119145   -0.178578
-0.188197   -0.378373   -0.0937434
0.243434   0.292993   -0.471039
0.34852   0.103693   0.236102
-0.394553   -0.378308   -0.0392193
0.462935   0.0914889   -0.494324
0.364635   -0.123443   0.266403
-0.175828   0.411898   0.402332
-0.184502   0.344608   0.487423
-0.231557   0.0634433   -0.181911
0.0466646   0.487058   -0.483362
0.25258   -0.406845   -0.447752
-0.0569321   -0.279988   0.175097
-0.282424   0.025266   -0.258196
0.0651407   -0.000385873   0.272543
-0.0818629   0.151603   0.317243
-0.11143   -0.349591   -0.0542675
0.0236054   -0.455361   0.180783
0.448242   -0.458697   -0.0974933
-0.226036   -0.246932   0.071786
0.217595   0.196172   -0.470339
0.0224783   -0.0351294   0.0152338
-0.211588   -0.140248   0.133088
-0.442386   0.0632324   0.0609276
-0.066129   0.0578109   -0.0412686
-0.429298   -0.477683   -0.344266
-0.228187   0.455981   0.328995
0.214494   0.273155   -0.326838
-0.07237   -0.173377   0.482553
-0.237175   0.162478   -0.478516
-0.0319397   0.285182   0.312222
-0.176827   0.36176   -0.256068
-0.333702   0.108897   -0.468966
0.147319   0.259431   0.484027
0.191268   0.376401   0.213383
-0.337621   -0.425303   0.367594
-0.196741   -0.324887   0.069173
0.00410939   -0.333114   0.365575
-0.379569   0.284517   0.338287
-0.279731   0.0269809   0.104041
0.0909179   0.464901   -0.109118
0.389283   0.199232   0.414626
-0.493726   0.247351   0.353258
-0.345976   -0.470286   -0.271435
-0.238739   0.261992   0.33452
-0.391984   -0.137277   0.223567
0.122309   -0.0231112   -0.342392
0.0720146   0.11713   -0.00253558
-0.342987   -0.382631   0.154582
0.401784   0.419095   -0.451805
-0.310704   0.0590125   -0.387654
-0.0458173   -0.124056   0.388991
0.438727   -0.470444   0.0538729
0.466388   -0.00585199   -0.389316
0.0228855   0.205375   0.012045
-0.00200052   -0.0217165   0.453054
0.468563   0.42331   0.47724
-0.0621383   0.117128   0.489989
0.353209   -0.148637   0.168655
-0.233849   0.101228   -0.393717
0.377854   0.0768039   0.0340873
-0.187766   -0.0745072   -0.10778
-0.368177   0.137697   -0.304913
-0.325888   -0.291727   -0.169955
0.493198   -0.186769   0.0500325
-0.168348   0.278132   -0.452822
0.00546662   0.010987   -0.459453
-0.342629   -0.0373133   -0.402131
0.134064   -0.427635   -0.181621
-0.36539   -0.23053   -0.101791
0.416993   -0.205285   0.445987
0.201578   0.310568   0.328701
-0.396307   0.152958   0.0385009
0.498692   -0.0314133   0.442873
-0.139864   0.256436   0.456474
0.158227   -0.11119   0.392179
-0.245069   0.0305407   0.302917
-0.0125537   -0.0444939   0.33598
-0.342895   0.328329   0.0355824
