-1.45892   0.122369   1.1454
-0.183298   0.839307   0.398135
0.872676   0.192545   0.767885
0.0821554   0.522757   -0.287828
-2.17608   -1.97107   -1.28412
-0.734117   1.86725   -2.38806
-0.186913   -0.338053   1.9718
1.17274   1.053   0.427769
-0.507884   -1.19787   0.93423
-1.28378   -0.978158   -1.49164
-0.113617   -1.16846   0.0347603
0.831778   -2.00109   -1.74595
0.149774   0.244292   1.5243
0.374   -0.232533   0.582186
1.19551   -0.740907   -0.882916
-0.801498   0.834892   0.612192
-0.289035   1.11539   -0.183897
1.25674   0.453629   1.87428
1.04453   -0.166894   -0.0861301
-2.02543   -0.792357   -0.513466
-1.05856   0.72599   0.886836
0.550719   1.42834   -1.73149
0.244832   -3.20942   -0.656406
-1.55225   -1.34592   -0.145529
-1.7477   1.24247   -0.289187
-0.0329928   0.109795   -0.391868
2.11596   -1.08639   -1.17372
0.00181492   0.612553   0.774518
-1.0098   -0.0812103   -0.6787
-0.319317   2.01925   -0.285396
0.436803   -2.05025   -1.61294
-1.54376   1.22247   0.702267
-0.882042   -1.65788   1.37617
2.10784   -0.930383   0.78148
-0.0700979   -1.8149   1.27633
-0.65008   -0.835703   -0.226552
0.310654   -0.209039   -1.15162
1.11629   1.06022   -0.443364
-0.936377   -0.663013   1.14179
2.35276   -0.0637591   1.537
1.14075   -1.8272   0.235662
0.57664   0.658535   -0.343021
-1.74274   -0.793342   1.77553
-0.0373191   0.76193   -1.13314
-0.155189   0.946739   -0.133093
-1.50627   1.3507   -2.05874
-0.0697082   -1.78865   0.1498
1.41594   -1.49989   0.0929853
-1.73852   -2.20632   -0.648925
-1.05312   0.696356   -0.22444
2.13686   -0.884149   -0.333961
1.18095   1.35956   0.99593
-1.75016   1.50585   -0.21345
0.512476   2.77718   -0.0547989
1.15458   -0.438755   -2.23428
-0.245732   2.00982   -0.11824
-0.651218   0.68164   1.35093
0.109429   -1.30554   0.852806
-0.203507   0.390451   -0.305875
-0.340417   -0.312395   -0.761691
0.73251   1.18482   -0.203725
0.903309   0.644331   0.100547
1.88667   -0.460107   0.989051
-0.029369   0.700784   0.694035
0.506851   -0.782339   1.76163
-2.27963   -1.39971   -0.218369
-0.694181   0.251901   1.16208
0.553402   0.0796378   -1.01581
-0.225339   1.61669   0.357883
0.256661   0.58097   -0.144354
0.214369   -0.886461   -2.09554
-1.37837   0.231413   0.266925
0.267667   -2.7683   -1.12309
-0.305351   0.966267   -0.471021
0.530958   -1.80136   0.0513236
-0.0664612   0.601881   0.908518
1.30045   -0.0287996   -0.875161
0.445268   1.59907   -0.330031
2.23357   -1.18929   1.23379
-0.993855   -0.0321424   -1.15021
-0.167186   -1.48488   0.280455
1.82165   -0.374037   0.196753
-0.159831   -0.41711   1.57818
0.949666   1.01168   0.536586
-0.584467   0.892889   -0.242583
-0.613149   0.0490763   1.07531
-0.856199   0.280338   -1.05568
-0.440118   1.48546   -1.85951
0.52146   1.45474   -0.0537459
0.703624   0.859885   -0.368822
0.711349   -0.793392   0.634495
1.97558   1.28407   0.405816
-1.2877   -0.344412   -2.05412
1.78669   -1.19527   0.67082
0.644603   1.4824   -0.238096
-0.869166   0.0197126   -0.570574
-1.33105   -1.63015   -0.443863
-1.34152   0.878659   -0.647006
-0.299383   0.371463   -1.06217
-0.836596   1.15429   0.829823
-1.52398   -0.315132   1.12566
1.81517   0.324751   -0.172171
1.14063   -1.50981   0.0763338
-1.28148   0.6   1.93644
2.31675   -0.109147   0.262676
-0.653052   1.03124   2.84536
-1.41431   1.28891   -0.729559
0.0250761   0.380757   -0.843843
