0.223146   0.3724   -0.369688
0.367977   0.289378   -0.0370803
-0.181217   -0.0508083   -0.00496798
0.355393   -0.498318   -0.309103
-0.0278395   -0.00326265   -0.156293
-0.10679   0.094946   0.25779
-0.00663001   -0.366307   -0.451135
0.400089   -0.14329   0.177164
0.118326   -0.217917   -0.498089
0.445782   -0.454632   0.472416
0.20105   -0.384691   0.336135
0.158713   -0.448974   -0.367039
-0.340283   -0.228815   -0.089142
0.423531   0.101679   0.036106
0.24773   0.164625   0.338733
0.00497777   0.0231308   0.0699239
0.199682   0.0102259   0.0433701
0.0890537   -0.00672195   0.254484
-0.191083   0.413155   -0.346325
0.326981   -0.262499   -0.178403
0.167271   -0.0820336   -0.130039
0.117604   0.310702   0.40419
0.301333   -0.330062   0.147748
-0.312066   0.225917   -0.116183
-0.29843   0.237608   -0.45273
-0.466535   0.247658   0.239357
0.00486728   0.400684   -0.0479085
-0.167579   -0.0676081   -0.321998
-0.0753175   -0.464306   -0.251255
-0.249475   -0.401055   0.483072
-0.0428285   0.221937   -0.278694
0.304424   -0.486043   -0.0449902
0.42999   -0.257581   0.36288
0.301424   0.412521   0.300412
-0.387548   -0.298121   0.161154
0.0627909   0.163514   -0.0874533
-0.219   -0.422131   0.188201
-0.291424   -0.44718   -0.202389
-0.0323386   -0.421086   0.296215
0.390248   -0.194036   -0.420598
0.260668   0.190981   0.118689
0.0839065   0.222005   0.183503
-0.313924   0.0597907   0.209251
0.405271   0.44298   0.106185
0.497128   0.140384   0.417864
-0.436371   -0.0196752   -0.358409
0.488037   -0.372051   -0.154755
0.13263   0.0325932   -0.279463
-0.495927   -0.0918475   -0.0870126
-0.257221   0.360396   0.0765227
0.256322   -0.178995   0.314106
-0.365212   -0.102581   0.112865
-0.146416   0.338058   -0.147986
-0.0587533   -0.151537   0.18918
0.0293298   -0.293451   -0.2539
0.0183266   -0.115273   -0.356083
-0.0964591   0.263804   0.490639
0.285509   -0.191433   0.00890396
0.393774   -0.0504291   0.450887
-0.258166   0.13311   -0.274041
-0.1766   -0.463235   -0.0384712
-0.261322   0.042961   -0.498509
-0.443193   0.29284   0.0201317
0.333072   0.0975581   -0.389286
-0.158   -0.277891   0.32924
0.0242079   0.378386   -0.413937
-0.477352   -0.448996   0.263007
0.103983   -0.373753   -0.0824193
0.179554   0.389595   0.0387638
-0.325816   -0.0368602   -0.172058
0.1543   -0.165285   0.148722
0.173796   -0.488779   0.169556
-0.360589   0.442205   0.442293
-0.237207   0.239843   0.280097
-0.208726   -0.0759682   0.334551
-0.432763   -0.0471144   0.31456
0.042253   0.127066   0.392203
-0.357432   -0.261114   0.346263
0.13981   -0.0167337   0.489057
-0.042578   -0.499111   0.122043
0.0340048   -0.157924   -0.00192293
0.359058   -0.0466649   -0.20381
0.483033   -0.268473   0.0256519
0.295062   0.13099   -0.145339
-0.457039   0.193308   -0.360154
-0.471399   0.115693   -0.137982
-0.416059   0.492734   0.0392435
0.135427   0.177303   -0.442391
-0.481824   0.406261   -0.145375
0.224533   -0.129872   -0.33609
-0.0866101   0.254102   0.0740094
0.384863   0.310617   -0.260877
-0.421827   -0.175697   -0.485608
-0.000327063   -0.109268   0.376454
-0.484631   -0.196283   -0.264957
-0.0288308   0.0534527   -0.438625
-0.0745891   0.351041   0.293323
-0.177356   -0.246668   0.0606357
-0.265934   -0.250145   -0.336235
-0.359131   0.0531401   0.00654223
0.423882   0.0623596   0.235172
-0.324535   0.421525   0.244291
0.355067   0.285615   0.475393
-0.118876   -0.220589   -0.481456
0.163295   0.366568   -0.172493
-0.480462   -0.354696   -0.370716
-0.410542   0.455638   -0.352426
-0.136531   -0.198894   -0.164954
