0.793267   2.60183   -0.0629415
-0.999251   -0.411927   0.671777
-0.05662   0.732604   2.73603
-1.24584   1.57763   0.33357
0.59151   -1.18926   -0.452924
-2.03504   -0.647244   -0.158283
-1.32195   -0.223387   -1.21061
0.651829   0.613895   -1.37686
-0.0773731   -0.0895865   1.32451
-1.06449   1.36337   -0.961548
0.176553   1.09513   -0.727927
1.07468   -0.853073   -0.0868428
-1.26866   1.35084   -0.895138
-1.1321   -0.186084   0.164931
0.176171   -2.40494   -0.504024
0.507112   -0.354838   0.240557
0.922903   0.10151   -0.517836
1.90549   0.573616   -0.893055
0.738997   -0.716542   0.0972896
0.409328   1.03517   -0.784056
-0.790721   -1.70646   -0.253211
0.355782   0.282049   0.524571
-1.96545   -0.675217   -1.62269
-1.59123   0.833521   0.545844
0.938876   -1.26946   -0.543121
-1.32527   -0.667834   0.474391
0.934105   -0.709797   -0.530699
1.48361   -1.4233   -0.553138
0.964512   -1.3604   1.55573
-0.106465   -0.811005   -0.272949
-2.13884   1.0405   -0.879275
0.903803   1.15462   1.41094
2.43797   -0.876896   0.292529
1.73243   -1.50736   -1.0021
-1.86747   0.718314   1.20011
-0.679954   -0.28934   -1.76329
-0.123433   -0.614441   -1.23194
-0.0207135   1.54356   -0.821125
-0.282495   1.50547   -0.871847
0.625069   -1.37981   0.0833378
-0.253667   -0.0518329   1.65735
0.606503   0.156609   0.119915
-0.262194   -1.71157   -1.90473
0.941659   -1.77005   -0.81845
0.534157   1.32249   0.0342225
0.681221   0.293801   -1.70544
1.15006   0.608327   0.0962373
-0.482481   0.118403   1.21405
-0.410615   0.381279   2.00525
-0.0602811   -1.61874   0.741831
1.07918   1.61663   1.17263
-0.0714723   -0.828944   -0.705757
-0.0555534   0.805463   -0.46355
0.920743   -0.192955   2.07072
-0.107654   -3.62085   1.24916
-1.57689   -0.55269   0.325797
-1.26788   0.275149   0.0489678
-0.663952   0.971336   -1.16778
-0.494971   0.423036   1.70402
0.99564   -1.17235   1.65187
-1.07881   0.813297   0.818143
0.191846   -0.264143   0.734566
-0.23293   0.781511   0.591184
-0.13351   1.40341   0.753953
-0.419474   0.892635   1.17471
-1.11781   -0.428259   -1.30427
-1.46095   -0.534811   1.37187
0.307623   0.0596091   -0.953594
1.54317   0.255864   -2.10103
-0.443843   -0.747414   -0.847206
1.60853   -0.160147   -0.917111
-1.01993   0.328025   0.35893
0.392444   0.0623694   0.828155
-1.46269   0.0860879   -0.730281
-2.31493   1.0219   0.164305
-0.418159   1.1967   0.143908
1.20172   1.18912   0.13304
0.498696   -1.46708   -0.456799
-0.169789   -0.788682   0.549633
0.100295   0.335753   -0.345778
0.63738   -0.0157491   0.196089
-0.312648   0.171726   0.78245
-0.539609   0.211881   -1.02747
1.06233   -0.488122   -0.863424
-1.0057   -0.216422   0.838975
-0.101133   -1.05468   1.03695
2.25851   1.44417   0.0336624
-2.59971   -1.24689   -1.35514
0.264889   -0.794494   1.28922
0.427265   1.26531   1.51483
0.159653   -0.433541   1.31279
0.534729   1.29512   0.601103
0.39537   -0.7026   -0.829663
0.281955   -0.640966   -0.190802
0.0905012   1.09543   0.474523
-0.726947   0.816859   -0.068097
-0.814571   -0.819515   -1.18958
-1.19946   0.244576   -0.320572
0.889734   0.669564   -1.06322
0.687513   0.0499266   0.642155
2.10007   -0.348919   -0.735378
-0.33124   1.69888   -2.19789
0.70631   0.838568   -0.996084
0.227818   -1.06536   0.201954
0.962058   0.920562   0.404096
1.52886   -0.382336   -0.0141285
-1.51395   1.42042   -0.305097
0.926343   -1.17712   1.8564
