0.49704   -0.469771   0.489767
-0.32478   -0.327093   -0.499452
0.485978   -0.35226   -0.332827
-0.349967   -0.491065   -0.342347
-0.177161   -0.48277   0.496088
0.0100407   -0.339078   0.485927
-0.144895   -0.344396   -0.33401
0.00955259   0.4991   -0.313419
0.175117   -0.479826   -0.499929
0.338373   -0.320295   0.493352
0.174688   -0.329581   -0.339616
0.345073   0.494014   -0.358626
-0.487868   -0.180644   -0.490815
-0.328906   -0.0015248   -0.495891
-0.490919   0.00370796   -0.331924
-0.319761   -0.18275   -0.324818
-0.155674   -0.182519   -0.487358
-0.00177029   0.00650357   -0.490975
-0.162361   0.038849   -0.329374
-0.0255682   -0.140719   -0.306246
0.168023   -0.171873   -0.492969
0.321484   -0.00910317   0.497774
0.159803   -0.0229591   -0.335519
0.337343   -0.175817   -0.323694
-0.498857   0.167592   0.496473
-0.339561   0.349198   0.498333
0.481478   0.327919   -0.341975
-0.349921   0.18214   -0.334339
-0.185389   0.17743   0.498817
-0.00882362   0.332246   -0.486351
-0.163263   0.342818   -0.333442
0.00681454   0.174412   -0.316768
0.146891   0.167335   -0.484657
0.325054   0.339704   0.48617
0.171515   0.336394   -0.342467
0.31625   0.158799   -0.340228
0.475484   0.4862   -0.164796
-0.350554   -0.351264   -0.166449
0.489459   -0.33565   -0.021324
-0.361633   -0.488208   0.00851179
-0.176992   -0.498438   -0.164891
0.0047504   -0.332112   -0.1633
-0.150416   -0.339379   0.00377304
0.0182877   -0.488081   0.0045652
0.168831   -0.499189   -0.176462
0.326118   -0.339705   -0.18881
0.176492   -0.326652   -0.0157786
0.330834   -0.4985   -0.00452269
-0.48018   -0.15456   -0.171722
-0.311273   0.00709979   -0.160559
0.497855   3.7069e-05   0.0049305
-0.320552   -0.177503   -0.0016831
-0.18225   -0.192232   -0.167003
-0.012426   0.00172366   -0.14219
-0.169936   0.00834097   0.0113114
0.00354912   -0.174959   -0.00789467
0.166436   -0.168109   -0.167809
0.344511   -0.00323968   -0.162839
0.160971   -0.000689878   3.49316e-05
0.335244   -0.176609   -0.0296942
0.499152   0.154531   -0.163956
-0.344276   0.350535   -0.171233
0.491947   0.323778   0.00905573
-0.342178   0.152907   -0.00237835
-0.190017   0.194969   -0.167555
-0.0295877   0.340502   -0.16727
-0.169748   0.327767   -0.000384674
0.0011897   0.162606   -0.00307621
0.171937   0.158511   -0.168396
0.317072   0.328361   -0.168005
0.173321   0.340586   0.00779801
0.341444   0.164679   0.000553619
-0.496312   -0.498616   0.175243
-0.34834   -0.341512   0.152832
-0.487077   -0.309965   0.338454
-0.329393   0.498771   0.320506
-0.184241   -0.497603   0.15978
-0.00125985   -0.330341   0.162891
-0.171194   -0.339803   0.337786
0.000611434   -0.491854   0.338097
0.159583   -0.4968   0.170615
0.334638   -0.336082   0.163799
0.172793   -0.342166   0.334247
0.348677   -0.475925   0.337864
0.489148   -0.176338   0.139863
-0.331288   -0.0166273   0.166579
-0.474695   -0.0138495   0.348963
-0.324106   -0.170037   0.335143
-0.164059   -0.16543   0.167926
-0.00618411   -0.0037778   0.157541
-0.163359   -0.0188106   0.333791
0.0127331   -0.185161   0.341396
0.17355   -0.16083   0.165618
0.341292   -0.00808419   0.167455
0.155994   0.000229678   0.34765
0.346642   -0.165303   0.337683
-0.486882   0.171548   0.182421
-0.316179   0.323103   0.160691
-0.491973   0.330567   0.331781
-0.316873   0.148663   0.316209
-0.164601   0.172563   0.172375
0.0139237   0.326047   0.158811
-0.161381   0.340217   0.338941
0.00743631   0.171481   0.329903
0.176774   0.1648   0.165416
0.331716   0.328396   0.1786
0.156139   0.344658   0.333323
0.339974   0.171715   0.336826
