-0.0794839   -0.322352   -0.380264
-0.235834   -1.12308   -0.477525
-0.315607   0.138735   -0.361318
-1.25238   0.795308   0.499342
0.594541   0.192822   0.342335
-0.223968   0.999707   1.06212
0.247235   -0.161161   0.0710693
-1.46013   -1.98788   1.03108
0.52782   -0.70661   0.181592
0.671559   -0.501356   -0.466869
-2.25226   -0.385812   -0.432984
0.387026   -2.33638   0.266341
-1.10831   -0.854236   -0.732537
-1.39515   0.0144337   -0.220146
0.83733   -0.383392   -0.646992
0.682534   0.609328   0.363549
0.0849921   -0.492504   0.877235
-0.171609   -0.0700982   -1.47575
-0.92815   1.18875   -0.665669
-0.175341   0.595654   1.44449
-0.540782   -0.766062   0.686541
-0.705727   -0.157594   -0.0134277
-2.26   -0.631276   -0.0934308
0.455909   -0.203614   -1.84818
-0.404841   -0.131183   -1.07302
1.57967   -0.560008   -0.781408
-0.0326057   0.437035   0.629967
-0.901936   -0.320582   0.925289
-0.649221   -0.402825   0.362343
1.26685   -1.05002   -0.221877
0.490348   -0.684852   0.0558481
0.646296   -0.654342   2.25091
1.486   0.758601   0.502223
0.937839   0.297397   -0.819272
-0.757086   0.733118   -0.0292818
-0.100314   -1.0191   0.139455
0.594215   -1.05004   0.0768149
1.97439   0.6184   2.02184
-1.24767   1.00995   0.61977
-1.16897   1.09688   -0.805099
1.82559   -1.02925   1.23327
2.15519   0.872633   0.69817
0.420514   1.06964   -0.761188
-0.648927   0.593632   0.572217
-0.180498   -0.222404   1.10129
2.23387   -0.552525   0.174574
-0.0575871   -0.92733   0.959898
-2.06633   0.132234   1.10724
0.122907   -0.237271   -0.575977
-1.50312   0.725397   0.2572
0.284956   -1.49839   0.691805
0.649798   0.6136   0.96612
0.348993   -0.448579   0.0666568
0.391743   -0.0347609   -0.717854
-1.566   -0.644778   -0.950132
-0.0932958   -1.43695   0.360326
-0.893846   -1.32544   0.76577
-0.272533   0.690203   -0.101811
0.970677   2.57742   1.20897
1.64662   0.706601   -0.98477
1.35556   -0.950968   -1.51018
0.0627277   0.584646   -1.73298
-0.526226   -1.55495   -0.00608976
0.531646   -0.188025   -1.09261
-0.950833   0.192743   1.12404
0.82037   0.0877905   -0.104856
-0.527963   0.595686   1.40927
-0.72373   1.48148   -0.910681
-1.03247   0.863884   -0.0582871
-0.9311   -0.0239196   -1.1983
-0.675378   0.247626   -0.777107
0.386076   0.205111   -1.44022
-0.699529   -0.954438   0.0615773
-0.59434   0.947605   0.582558
1.30132   -1.23451   0.0672908
0.958121   0.850673   -0.285638
0.189053   1.04931   -2.08833
0.265851   0.662899   0.673059
0.703468   -0.60637   0.73712
0.371482   -0.23103   -1.10805
-0.547357   0.815099   -0.0589548
0.909525   -0.788537   -0.221672
0.85661   1.04724   -0.801388
0.8146   0.776347   -0.0682024
0.207419   1.2171   0.00542272
-1.31077   -0.641272   0.673049
-0.949976   -1.5652   0.658863
0.787706   -0.314547   -2.58793
-0.0456119   0.696761   0.879552
0.280958   0.117998   -2.23454
1.0529   1.27937   -0.0633091
-0.498369   -0.9708   -0.901183
-0.768902   -0.231757   0.63875
1.55586   0.536861   0.0659197
-0.188494   0.85784   1.78431
0.240933   0.181861   -0.414108
-0.767804   0.788427   -0.198408
0.368263   0.329537   0.0183132
0.259502   -0.726483   0.571586
-1.55381   2.87515   -0.197863
-0.027819   0.692868   -0.76828
0.942795   0.500365   0.879165
0.183753   -0.0677871   -1.19485
0.453937   -0.242662   0.252788
-0.454335   -0.138925   0.478205
0.563455   -0.388851   0.126273
-0.984022   -0.980604   0.68453
-0.530931   0.165936   0.715522
