-0.493837   0.483132   -0.49746
-0.338412   -0.35279   -0.494
0.497357   -0.355755   -0.329353
-0.333453   0.485823   -0.325774
-0.161566   0.496825   -0.489456
-0.00545124   -0.333444   -0.485737
-0.171213   -0.348559   -0.329102
-0.0122477   -0.484832   -0.339896
0.160088   0.490193   -0.495693
0.338038   -0.33474   -0.492997
0.166469   -0.310311   -0.31961
0.327486   -0.491993   -0.320089
0.49417   -0.133843   0.495566
-0.337047   0.0232615   0.492899
-0.491389   0.00900489   -0.327763
-0.351216   -0.162463   -0.350992
-0.156369   -0.173167   -0.489075
-0.00112778   0.00845347   -0.491152
-0.170781   -0.0120857   -0.339233
-0.00331384   -0.137468   -0.346116
0.150601   -0.181327   0.492734
0.321916   0.00725746   -0.486555
0.170316   0.000312983   -0.326046
0.348331   -0.163637   -0.333402
0.494715   0.166472   -0.493857
-0.3272   0.312182   -0.485675
0.493218   0.335648   -0.320235
-0.349605   0.165071   -0.333373
-0.168677   0.174957   0.494551
0.0024134   0.341354   0.486683
-0.148135   0.323778   -0.322964
0.0201821   0.180354   -0.341396
0.189414   0.16586   -0.488923
0.347228   0.332616   -0.476589
0.174189   0.328524   -0.326632
0.337717   0.174464   -0.321701
0.495933   -0.486161   -0.150249
-0.338997   -0.339707   -0.182175
-0.497973   -0.325225   0.0015798
-0.324288   -0.483522   -0.0078815
-0.158163   -0.494459   -0.159455
-0.00176959   -0.319184   -0.16971
-0.175171   -0.322485   -0.000951902
-0.00484264   -0.496342   0.00741065
0.157063   -0.499376   -0.175205
0.318817   -0.323499   -0.172491
0.160895   -0.343898   -0.00699528
0.351352   -0.49433   0.00792665
-0.492953   -0.167813   -0.177346
-0.335284   0.0127442   -0.17532
-0.493363   -0.0115578   -0.0227002
-0.319792   -0.17548   -0.0276343
-0.177177   -0.152446   -0.183972
-0.00164081   0.0106789   -0.183681
-0.167392   -0.00441736   -0.014466
0.00584423   -0.164692   -0.0121385
0.170281   -0.151242   -0.158828
0.336314   0.00347549   -0.175553
0.175612   -0.00706129   -0.00365024
0.346225   -0.159187   -0.0152835
0.49532   0.166504   -0.164759
-0.342849   0.327757   -0.155588
0.478186   0.323271   0.00763087
-0.350415   0.167478   0.00344965
-0.16232   0.169898   -0.174694
-0.00215891   0.335697   -0.172432
-0.181616   0.329853   -0.00369327
0.0080083   0.172715   -0.00221246
0.162436   0.165524   -0.172969
0.331396   0.332001   -0.144878
0.150619   0.325212   0.0014139
0.318497   0.152962   -0.0123866
-0.490018   0.496112   0.157134
-0.342036   -0.338827   0.158106
0.498893   -0.331376   0.33467
-0.335533   -0.499351   0.329924
-0.151305   0.499014   0.159279
0.0104161   -0.342091   0.165939
-0.16434   -0.324052   0.346574
0.00190373   -0.497815   0.329923
0.158158   0.480143   0.167465
0.341914   -0.338125   0.15209
0.169687   -0.3575   0.347154
0.332878   0.499326   0.346701
-0.499852   -0.170481   0.158056
-0.326755   -0.00424065   0.197947
-0.487948   0.00850862   0.333835
-0.335605   -0.163345   0.348388
-0.163881   -0.167805   0.161969
-0.00326059   -0.00212671   0.150564
-0.168531   0.0109307   0.346091
-0.00159236   -0.158216   0.330081
0.184796   -0.190127   0.142078
0.329032   -0.0166435   0.164619
0.168209   0.00574728   0.355738
0.319846   -0.179634   0.320429
0.488392   0.16758   0.157594
-0.32813   0.332755   0.157921
-0.495391   0.341428   0.310439
-0.332277   0.170175   0.337743
-0.172743   0.157624   0.165113
0.0143248   0.325287   0.191721
-0.180464   0.340395   0.335773
0.000182596   0.16872   0.341379
0.171152   0.132271   0.168526
0.326746   0.333767   0.161425
0.1743   0.335313   0.346461
0.341444   0.173264   0.329883
