-1.08882   0.401302   -0.426006
0.0795022   -1.40487   -0.0588009
1.54128   0.48094   -0.522273
-0.506136   0.339782   0.111451
1.07673   0.560177   0.49153
-1.38888   0.384045   -0.0713647
-1.29738   1.51173   0.383367
0.84359   -0.365255   0.539134
0.840502   -0.271477   -1.43038
-0.0631376   -0.948884   -0.0725665
0.465671   0.438379   -0.322169
0.299567   2.24538   1.98731
-1.01423   -0.0509923   -0.000358268
0.789943   1.2494   0.306511
0.552316   -0.162175   -0.29048
0.565543   0.437548   0.17459
-0.120409   1.02148   0.719885
0.484429   -0.303019   -0.858789
-0.474879   -0.214761   1.75664
-1.23791   0.260713   -0.0308557
2.09337   0.394315   -1.82727
-2.15552   -1.29347   0.828324
0.215863   0.140872   0.119234
-0.628922   -1.13228   0.641204
-0.0885631   0.194373   0.137034
0.0390201   0.00613638   0.473058
1.012   -1.19289   0.0925695
-0.423716   1.26989   -0.444678
-0.277727   -1.3847   -0.858929
0.229265   -0.0963104   -0.0428649
-0.554408   -2.01573   -0.451823
1.69004   0.161581   1.52807
1.97752   -0.336459   0.167332
-0.12514   -0.343643   -2.28917
0.154111   -1.02798   -0.638697
0.492203   -0.0704357   0.886998
0.607281   -0.292835   -1.19417
0.422841   -0.167026   -0.254925
0.27377   -0.053446   0.957043
-0.988015   0.639462   -0.48312
-0.653377   -1.78986   0.470333
0.159942   0.584898   1.4609
0.155222   1.83307   -0.780674
0.869899   0.198994   0.272298
-0.694957   0.117333   -0.576401
-0.673281   1.27447   1.25967
-0.580546   0.354664   0.243048
0.440016   -1.71644   -0.0290207
-0.517662   0.574087   0.769138
1.66684   -1.6672   -0.630176
-1.53778   -0.883372   0.0399398
-1.10049   0.0304946   -0.193307
0.0424126   2.21988   -0.263368
0.231646   -0.657607   -1.85445
-0.290755   0.843638   0.370391
0.24413   -0.736566   -0.43882
0.0559318   -1.4663   0.729262
0.957861   -1.34627   -0.961685
0.715989   0.783976   0.598357
0.983794   2.4455   -0.156727
-0.687053   1.0692   -0.102504
-0.964552   0.526005   -0.677465
-0.145479   0.346173   -0.985188
0.30922   -0.147967   -0.361374
0.43916   0.625652   -0.233566
1.60054   -1.0873   -2.01392
0.400617   0.240144   -1.07336
0.0980772   0.0729648   1.23417
-0.5005   -0.0129742   -0.337491
0.425111   -0.0344998   0.161552
0.571656   0.0214533   -1.40077
-0.400977   -1.03078   1.23324
-0.229486   1.41389   0.515505
-0.899933   -0.814777   -0.183459
0.281531   -0.208656   1.54527
-0.266986   -0.440229   0.501739
0.730068   0.310305   -0.7831
-0.200439   -1.73738   0.51402
-0.864186   1.95673   0.0123843
-2.71486   0.378944   0.368657
-1.22107   0.646691   0.00970874
-1.45916   1.06665   0.465566
-0.472076   -0.705669   0.589134
0.0694226   1.37842   1.24892
0.0837629   -0.674723   0.653203
1.02374   -0.424141   0.123155
0.507176   0.635656   0.92391
-0.304616   -0.183819   0.252584
-1.36268   -0.0752947   -0.970223
0.329946   0.666151   -0.376802
0.0679475   -0.833364   -0.648568
-1.39161   0.875224   -0.0682499
-1.40875   -0.622854   0.737222
0.515383   0.725181   -0.610531
-0.561112   -1.12167   -0.487401
0.116156   -0.811958   -1.10755
0.57243   -0.0824835   -0.0294453
1.53789   0.302714   0.522992
-0.382477   -1.42681   -0.94705
1.06441   0.52643   0.278107
0.0948925   -0.336185   1.57703
1.02697   -0.0552113   -0.327682
-0.597341   -0.538809   1.12948
0.778013   -1.48676   -1.93962
0.358341   0.559896   0.606057
0.145054   1.68427   0.739336
0.516758   -0.938333   -0.398943
-1.41634   -0.202382   0.0610482
